# JRE version: OpenJDK Runtime Environment Corretto-17.0.9.8.1 (17.0.9+8) (build 17.0.9+8-LTS)
# Java VM: OpenJDK 64-Bit Server VM Corretto-17.0.9.8.1 (17.0.9+8-LTS, mixed mode, emulated-client, sharing, tiered, compressed oops, compressed class ptrs, g1 gc, windows-amd64)
GC Precious Log:
 CPUs: 8 total, 8 available
 Memory: 7778M
 Large Page Support: Disabled
 NUMA Support: Disabled
 Compressed Oops: Enabled (32-bit)
 Heap Region Size: 1M
 Heap Min Capacity: 8M
 Heap Initial Capacity: 122M
 Heap Max Capacity: 1946M
 Pre-touch: Disabled
 Parallel Workers: 8
 Concurrent Workers: 2
 Concurrent Refinement Workers: 8
 Periodic GC: Disabled
Heap:
 garbage-first heap   total 147456K, used 72680K [0x0000000086600000, 0x0000000100000000)
  region size 1024K, 5 young (5120K), 5 survivors (5120K)
 Metaspace       used 67812K, committed 68416K, reserved 1114112K
  class space    used 9776K, committed 10048K, reserved 1048576K
GC Heap History (20 events):
Event: 16.814 GC heap after
{Heap after GC invocations=22 (full 0):
 garbage-first heap   total 65536K, used 36153K [0x0000000086600000, 0x0000000100000000)
  region size 1024K, 3 young (3072K), 3 survivors (3072K)
 Metaspace       used 65699K, committed 66304K, reserved 1114112K
  class space    used 9463K, committed 9728K, reserved 1048576K
}
Event: 16.901 GC heap before
{Heap before GC invocations=22 (full 0):
 garbage-first heap   total 89088K, used 52537K [0x0000000086600000, 0x0000000100000000)
  region size 1024K, 19 young (19456K), 3 survivors (3072K)
 Metaspace       used 65699K, committed 66304K, reserved 1114112K
  class space    used 9463K, committed 9728K, reserved 1048576K
}
Event: 16.911 GC heap after
{Heap after GC invocations=23 (full 0):
 garbage-first heap   total 89088K, used 40787K [0x0000000086600000, 0x0000000100000000)
  region size 1024K, 3 young (3072K), 3 survivors (3072K)
 Metaspace       used 65699K, committed 66304K, reserved 1114112K
  class space    used 9463K, committed 9728K, reserved 1048576K
}
Event: 17.066 GC heap before
{Heap before GC invocations=24 (full 0):
 garbage-first heap   total 89088K, used 68435K [0x0000000086600000, 0x0000000100000000)
  region size 1024K, 31 young (31744K), 3 survivors (3072K)
 Metaspace       used 65709K, committed 66304K, reserved 1114112K
  class space    used 9465K, committed 9728K, reserved 1048576K
}
Event: 17.075 GC heap after
{Heap after GC invocations=25 (full 0):
 garbage-first heap   total 89088K, used 47877K [0x0000000086600000, 0x0000000100000000)
  region size 1024K, 4 young (4096K), 4 survivors (4096K)
 Metaspace       used 65709K, committed 66304K, reserved 1114112K
  class space    used 9465K, committed 9728K, reserved 1048576K
}
Event: 17.191 GC heap before
{Heap before GC invocations=25 (full 0):
 garbage-first heap   total 89088K, used 57093K [0x0000000086600000, 0x0000000100000000)
  region size 1024K, 14 young (14336K), 4 survivors (4096K)
 Metaspace       used 65789K, committed 66432K, reserved 1114112K
  class space    used 9476K, committed 9792K, reserved 1048576K
}
Event: 17.198 GC heap after
{Heap after GC invocations=26 (full 0):
 garbage-first heap   total 89088K, used 51723K [0x0000000086600000, 0x0000000100000000)
  region size 1024K, 4 young (4096K), 4 survivors (4096K)
 Metaspace       used 65789K, committed 66432K, reserved 1114112K
  class space    used 9476K, committed 9792K, reserved 1048576K
}
Event: 17.261 GC heap before
{Heap before GC invocations=26 (full 0):
 garbage-first heap   total 89088K, used 67083K [0x0000000086600000, 0x0000000100000000)
  region size 1024K, 18 young (18432K), 4 survivors (4096K)
 Metaspace       used 65789K, committed 66432K, reserved 1114112K
  class space    used 9476K, committed 9792K, reserved 1048576K
}
Event: 17.267 GC heap after
{Heap after GC invocations=27 (full 0):
 garbage-first heap   total 139264K, used 54976K [0x0000000086600000, 0x0000000100000000)
  region size 1024K, 3 young (3072K), 3 survivors (3072K)
 Metaspace       used 65789K, committed 66432K, reserved 1114112K
  class space    used 9476K, committed 9792K, reserved 1048576K
}
Event: 17.526 GC heap before
{Heap before GC invocations=28 (full 0):
 garbage-first heap   total 139264K, used 92864K [0x0000000086600000, 0x0000000100000000)
  region size 1024K, 42 young (43008K), 3 survivors (3072K)
 Metaspace       used 65793K, committed 66432K, reserved 1114112K
  class space    used 9477K, committed 9792K, reserved 1048576K
}
Event: 17.539 GC heap after
{Heap after GC invocations=29 (full 0):
 garbage-first heap   total 139264K, used 64346K [0x0000000086600000, 0x0000000100000000)
  region size 1024K, 6 young (6144K), 6 survivors (6144K)
 Metaspace       used 65793K, committed 66432K, reserved 1114112K
  class space    used 9477K, committed 9792K, reserved 1048576K
}
Event: 17.666 GC heap before
{Heap before GC invocations=29 (full 0):
 garbage-first heap   total 139264K, used 98138K [0x0000000086600000, 0x0000000100000000)
  region size 1024K, 39 young (39936K), 6 survivors (6144K)
 Metaspace       used 65793K, committed 66432K, reserved 1114112K
  class space    used 9477K, committed 9792K, reserved 1048576K
}
Event: 17.677 GC heap after
{Heap after GC invocations=30 (full 0):
 garbage-first heap   total 139264K, used 71886K [0x0000000086600000, 0x0000000100000000)
  region size 1024K, 5 young (5120K), 5 survivors (5120K)
 Metaspace       used 65793K, committed 66432K, reserved 1114112K
  class space    used 9477K, committed 9792K, reserved 1048576K
}
Event: 17.814 GC heap before
{Heap before GC invocations=30 (full 0):
 garbage-first heap   total 139264K, used 96462K [0x0000000086600000, 0x0000000100000000)
  region size 1024K, 31 young (31744K), 5 survivors (5120K)
 Metaspace       used 65834K, committed 66496K, reserved 1114112K
  class space    used 9484K, committed 9792K, reserved 1048576K
}
Event: 17.826 GC heap after
{Heap after GC invocations=31 (full 0):
 garbage-first heap   total 139264K, used 79542K [0x0000000086600000, 0x0000000100000000)
  region size 1024K, 5 young (5120K), 5 survivors (5120K)
 Metaspace       used 65834K, committed 66496K, reserved 1114112K
  class space    used 9484K, committed 9792K, reserved 1048576K
}
Event: 18.060 GC heap before
{Heap before GC invocations=32 (full 0):
 garbage-first heap   total 147456K, used 93878K [0x0000000086600000, 0x0000000100000000)
  region size 1024K, 30 young (30720K), 5 survivors (5120K)
 Metaspace       used 65834K, committed 66496K, reserved 1114112K
  class space    used 9484K, committed 9792K, reserved 1048576K
}
Event: 18.069 GC heap after
{Heap after GC invocations=33 (full 0):
 garbage-first heap   total 147456K, used 74675K [0x0000000086600000, 0x0000000100000000)
  region size 1024K, 4 young (4096K), 4 survivors (4096K)
 Metaspace       used 65834K, committed 66496K, reserved 1114112K
  class space    used 9484K, committed 9792K, reserved 1048576K
}
Event: 18.094 GC heap before
{Heap before GC invocations=33 (full 0):
 garbage-first heap   total 147456K, used 77747K [0x0000000086600000, 0x0000000100000000)
  region size 1024K, 7 young (7168K), 4 survivors (4096K)
 Metaspace       used 65834K, committed 66496K, reserved 1114112K
  class space    used 9484K, committed 9792K, reserved 1048576K
}
Event: 18.099 GC heap after
{Heap after GC invocations=34 (full 0):
 garbage-first heap   total 147456K, used 63441K [0x0000000086600000, 0x0000000100000000)
  region size 1024K, 1 young (1024K), 1 survivors (1024K)
 Metaspace       used 65834K, committed 66496K, reserved 1114112K
  class space    used 9484K, committed 9792K, reserved 1048576K
}
Event: 19.034 GC heap before
{Heap before GC invocations=34 (full 0):
 garbage-first heap   total 147456K, used 102353K [0x0000000086600000, 0x0000000100000000)
  region size 1024K, 40 young (40960K), 1 survivors (1024K)
 Metaspace       used 67812K, committed 68416K, reserved 1114112K
  class space    used 9776K, committed 10048K, reserved 1048576K
}

