# JRE version: OpenJDK Runtime Environment Corretto-17.0.9.8.1 (17.0.9+8) (build 17.0.9+8-LTS)
# Java VM: OpenJDK 64-Bit Server VM Corretto-17.0.9.8.1 (17.0.9+8-LTS, mixed mode, emulated-client, sharing, tiered, compressed oops, compressed class ptrs, g1 gc, windows-amd64)
GC Precious Log:
 CPUs: 8 total, 8 available
 Memory: 7778M
 Large Page Support: Disabled
 NUMA Support: Disabled
 Compressed Oops: Enabled (32-bit)
 Heap Region Size: 1M
 Heap Min Capacity: 8M
 Heap Initial Capacity: 122M
 Heap Max Capacity: 1946M
 Pre-touch: Disabled
 Parallel Workers: 8
 Concurrent Workers: 2
 Concurrent Refinement Workers: 8
 Periodic GC: Disabled
Heap:
 garbage-first heap   total 190464K, used 77188K [0x0000000086600000, 0x0000000100000000)
  region size 1024K, 2 young (2048K), 2 survivors (2048K)
 Metaspace       used 76652K, committed 77312K, reserved 1179648K
  class space    used 10953K, committed 11264K, reserved 1048576K
GC Heap History (20 events):
Event: 25.447 GC heap after
{Heap after GC invocations=21 (full 0):
 garbage-first heap   total 95232K, used 34288K [0x0000000086600000, 0x0000000100000000)
  region size 1024K, 1 young (1024K), 1 survivors (1024K)
 Metaspace       used 65285K, committed 65856K, reserved 1114112K
  class space    used 9418K, committed 9664K, reserved 1048576K
}
Event: 25.657 GC heap before
{Heap before GC invocations=21 (full 0):
 garbage-first heap   total 95232K, used 77296K [0x0000000086600000, 0x0000000100000000)
  region size 1024K, 42 young (43008K), 1 survivors (1024K)
 Metaspace       used 66205K, committed 66816K, reserved 1114112K
  class space    used 9522K, committed 9792K, reserved 1048576K
}
Event: 25.662 GC heap after
{Heap after GC invocations=22 (full 0):
 garbage-first heap   total 95232K, used 41793K [0x0000000086600000, 0x0000000100000000)
  region size 1024K, 6 young (6144K), 6 survivors (6144K)
 Metaspace       used 66205K, committed 66816K, reserved 1114112K
  class space    used 9522K, committed 9792K, reserved 1048576K
}
Event: 25.781 GC heap before
{Heap before GC invocations=22 (full 0):
 garbage-first heap   total 95232K, used 73537K [0x0000000086600000, 0x0000000100000000)
  region size 1024K, 37 young (37888K), 6 survivors (6144K)
 Metaspace       used 66299K, committed 66880K, reserved 1114112K
  class space    used 9535K, committed 9792K, reserved 1048576K
}
Event: 25.788 GC heap after
{Heap after GC invocations=23 (full 0):
 garbage-first heap   total 95232K, used 51046K [0x0000000086600000, 0x0000000100000000)
  region size 1024K, 5 young (5120K), 5 survivors (5120K)
 Metaspace       used 66299K, committed 66880K, reserved 1114112K
  class space    used 9535K, committed 9792K, reserved 1048576K
}
Event: 25.821 GC heap before
{Heap before GC invocations=23 (full 0):
 garbage-first heap   total 95232K, used 71526K [0x0000000086600000, 0x0000000100000000)
  region size 1024K, 26 young (26624K), 5 survivors (5120K)
 Metaspace       used 66299K, committed 66880K, reserved 1114112K
  class space    used 9535K, committed 9792K, reserved 1048576K
}
Event: 25.827 GC heap after
{Heap after GC invocations=24 (full 0):
 garbage-first heap   total 190464K, used 55655K [0x0000000086600000, 0x0000000100000000)
  region size 1024K, 4 young (4096K), 4 survivors (4096K)
 Metaspace       used 66299K, committed 66880K, reserved 1114112K
  class space    used 9535K, committed 9792K, reserved 1048576K
}
Event: 26.047 GC heap before
{Heap before GC invocations=25 (full 0):
 garbage-first heap   total 190464K, used 135527K [0x0000000086600000, 0x0000000100000000)
  region size 1024K, 82 young (83968K), 4 survivors (4096K)
 Metaspace       used 66299K, committed 66880K, reserved 1114112K
  class space    used 9535K, committed 9792K, reserved 1048576K
}
Event: 26.065 GC heap after
{Heap after GC invocations=26 (full 0):
 garbage-first heap   total 190464K, used 76091K [0x0000000086600000, 0x0000000100000000)
  region size 1024K, 11 young (11264K), 11 survivors (11264K)
 Metaspace       used 66299K, committed 66880K, reserved 1114112K
  class space    used 9535K, committed 9792K, reserved 1048576K
}
Event: 26.070 GC heap before
{Heap before GC invocations=26 (full 0):
 garbage-first heap   total 190464K, used 77115K [0x0000000086600000, 0x0000000100000000)
  region size 1024K, 12 young (12288K), 11 survivors (11264K)
 Metaspace       used 66299K, committed 66880K, reserved 1114112K
  class space    used 9535K, committed 9792K, reserved 1048576K
}
Event: 26.078 GC heap after
{Heap after GC invocations=27 (full 0):
 garbage-first heap   total 190464K, used 78284K [0x0000000086600000, 0x0000000100000000)
  region size 1024K, 2 young (2048K), 2 survivors (2048K)
 Metaspace       used 66299K, committed 66880K, reserved 1114112K
  class space    used 9535K, committed 9792K, reserved 1048576K
}
Event: 26.223 GC heap before
{Heap before GC invocations=27 (full 0):
 garbage-first heap   total 190464K, used 135628K [0x0000000086600000, 0x0000000100000000)
  region size 1024K, 58 young (59392K), 2 survivors (2048K)
 Metaspace       used 66340K, committed 66944K, reserved 1114112K
  class space    used 9542K, committed 9792K, reserved 1048576K
}
Event: 26.234 GC heap after
{Heap after GC invocations=28 (full 0):
 garbage-first heap   total 190464K, used 91415K [0x0000000086600000, 0x0000000100000000)
  region size 1024K, 8 young (8192K), 8 survivors (8192K)
 Metaspace       used 66340K, committed 66944K, reserved 1114112K
  class space    used 9542K, committed 9792K, reserved 1048576K
}
Event: 29.669 GC heap before
{Heap before GC invocations=29 (full 0):
 garbage-first heap   total 190464K, used 150807K [0x0000000086600000, 0x0000000100000000)
  region size 1024K, 56 young (57344K), 8 survivors (8192K)
 Metaspace       used 74433K, committed 75072K, reserved 1114112K
  class space    used 10635K, committed 10944K, reserved 1048576K
}
Event: 29.683 GC heap after
{Heap after GC invocations=30 (full 0):
 garbage-first heap   total 190464K, used 100796K [0x0000000086600000, 0x0000000100000000)
  region size 1024K, 7 young (7168K), 7 survivors (7168K)
 Metaspace       used 74433K, committed 75072K, reserved 1114112K
  class space    used 10635K, committed 10944K, reserved 1048576K
}
Event: 29.739 GC heap before
{Heap before GC invocations=30 (full 0):
 garbage-first heap   total 190464K, used 101820K [0x0000000086600000, 0x0000000100000000)
  region size 1024K, 9 young (9216K), 7 survivors (7168K)
 Metaspace       used 75153K, committed 75776K, reserved 1114112K
  class space    used 10743K, committed 11072K, reserved 1048576K
}
Event: 29.744 GC heap after
{Heap after GC invocations=31 (full 0):
 garbage-first heap   total 190464K, used 81920K [0x0000000086600000, 0x0000000100000000)
  region size 1024K, 1 young (1024K), 1 survivors (1024K)
 Metaspace       used 75153K, committed 75776K, reserved 1114112K
  class space    used 10743K, committed 11072K, reserved 1048576K
}
Event: 29.894 GC heap before
{Heap before GC invocations=31 (full 0):
 garbage-first heap   total 190464K, used 89088K [0x0000000086600000, 0x0000000100000000)
  region size 1024K, 9 young (9216K), 1 survivors (1024K)
 Metaspace       used 76504K, committed 77120K, reserved 1179648K
  class space    used 10934K, committed 11264K, reserved 1048576K
}
Event: 29.897 GC heap after
{Heap after GC invocations=32 (full 0):
 garbage-first heap   total 190464K, used 74158K [0x0000000086600000, 0x0000000100000000)
  region size 1024K, 1 young (1024K), 1 survivors (1024K)
 Metaspace       used 76504K, committed 77120K, reserved 1179648K
  class space    used 10934K, committed 11264K, reserved 1048576K
}
Event: 41.877 GC heap before
{Heap before GC invocations=32 (full 0):
 garbage-first heap   total 190464K, used 98734K [0x0000000086600000, 0x0000000100000000)
  region size 1024K, 11 young (11264K), 1 survivors (1024K)
 Metaspace       used 76652K, committed 77312K, reserved 1179648K
  class space    used 10953K, committed 11264K, reserved 1048576K
}

